<?xml version="1.0" encoding="utf-8"?><testsuites name="pytest tests"><testsuite name="pytest" errors="0" failures="0" skipped="0" tests="20" time="4.283" timestamp="2026-02-17T00:19:35.099352+00:00" hostname="agent-env-24ffeb38-5d16-42bd-9ba2-b63161d96708"><testcase classname="backend.tests.test_cms_api.TestCMSPrograms" name="test_get_programs_returns_list" time="0.234" /><testcase classname="backend.tests.test_cms_api.TestCMSPrograms" name="test_get_programs_returns_4_default_programs" time="0.216" /><testcase classname="backend.tests.test_cms_api.TestCMSPrograms" name="test_programs_have_required_fields" time="0.238" /><testcase classname="backend.tests.test_cms_api.TestCMSStats" name="test_get_stats_returns_list" time="0.158" /><testcase classname="backend.tests.test_cms_api.TestCMSStats" name="test_get_stats_returns_4_stats" time="0.148" /><testcase classname="backend.tests.test_cms_api.TestCMSStats" name="test_stats_have_required_fields" time="0.134" /><testcase classname="backend.tests.test_cms_api.TestCMSAbout" name="test_get_about_returns_content" time="0.121" /><testcase classname="backend.tests.test_cms_api.TestCMSAbout" name="test_about_has_mission_and_story" time="0.218" /><testcase classname="backend.tests.test_cms_api.TestCMSEvents" name="test_get_events_returns_list" time="0.175" /><testcase classname="backend.tests.test_cms_api.TestCMSImpactStories" name="test_get_impact_stories_returns_list" time="0.130" /><testcase classname="backend.tests.test_cms_api.TestFormSubmission" name="test_volunteer_form_submission" time="0.260" /><testcase classname="backend.tests.test_cms_api.TestFormSubmission" name="test_partner_form_submission" time="0.168" /><testcase classname="backend.tests.test_cms_api.TestFormSubmission" name="test_newsletter_form_submission" time="0.181" /><testcase classname="backend.tests.test_cms_api.TestFormSubmission" name="test_contact_form_submission" time="0.160" /><testcase classname="backend.tests.test_cms_api.TestFormSubmission" name="test_chapter_form_submission" time="0.328" /><testcase classname="backend.tests.test_cms_api.TestFormSubmission" name="test_leadership_form_submission" time="0.173" /><testcase classname="backend.tests.test_cms_api.TestFormSubmissionRetrieval" name="test_get_all_submissions" time="0.123" /><testcase classname="backend.tests.test_cms_api.TestFormSubmissionRetrieval" name="test_filter_submissions_by_type" time="0.162" /><testcase classname="backend.tests.test_cms_api.TestCMSSettings" name="test_get_settings" time="0.155" /><testcase classname="backend.tests.test_cms_api.TestCMSInitialize" name="test_initialize_idempotent" time="0.690" /></testsuite></testsuites>