<?xml version="1.0" encoding="utf-8"?><testsuites name="pytest tests"><testsuite name="pytest" errors="0" failures="0" skipped="0" tests="36" time="54.669" timestamp="2026-02-17T01:03:19.007087+00:00" hostname="agent-env-24ffeb38-5d16-42bd-9ba2-b63161d96708"><testcase classname="backend.tests.test_admin_crud.TestEventsCRUD" name="test_create_event_and_verify_persistence" time="0.248" /><testcase classname="backend.tests.test_admin_crud.TestEventsCRUD" name="test_update_event_and_verify_changes" time="0.440" /><testcase classname="backend.tests.test_admin_crud.TestEventsCRUD" name="test_delete_event_and_verify_removal" time="0.645" /><testcase classname="backend.tests.test_admin_crud.TestStatsCRUD" name="test_update_stat_and_verify" time="0.738" /><testcase classname="backend.tests.test_admin_crud.TestAnnouncementsCRUD" name="test_create_announcement_and_verify" time="0.338" /><testcase classname="backend.tests.test_admin_crud.TestAnnouncementsCRUD" name="test_update_announcement_and_verify" time="0.532" /><testcase classname="backend.tests.test_admin_crud.TestAnnouncementsCRUD" name="test_delete_announcement_and_verify" time="0.658" /><testcase classname="backend.tests.test_admin_crud.TestImpactStoriesCRUD" name="test_create_impact_story_and_verify" time="0.335" /><testcase classname="backend.tests.test_admin_crud.TestImpactStoriesCRUD" name="test_update_impact_story_and_verify" time="0.504" /><testcase classname="backend.tests.test_admin_crud.TestImpactStoriesCRUD" name="test_delete_impact_story_and_verify" time="0.802" /><testcase classname="backend.tests.test_admin_crud.TestAboutContentCRUD" name="test_update_about_content" time="0.659" /><testcase classname="backend.tests.test_admin_crud.TestOpportunitiesCRUD" name="test_create_opportunity_and_verify" time="0.439" /><testcase classname="backend.tests.test_admin_crud.TestOpportunitiesCRUD" name="test_update_opportunity_and_verify" time="22.347" /><testcase classname="backend.tests.test_admin_crud.TestOpportunitiesCRUD" name="test_delete_opportunity_and_verify" time="20.219" /><testcase classname="backend.tests.test_admin_crud.TestEventDetailIntegration" name="test_get_event_by_id_for_detail_page" time="0.570" /><testcase classname="backend.tests.test_admin_crud.TestSettingsCRUD" name="test_update_settings_and_verify" time="0.723" /><testcase classname="backend.tests.test_cms_api.TestCMSPrograms" name="test_get_programs_returns_list" time="0.151" /><testcase classname="backend.tests.test_cms_api.TestCMSPrograms" name="test_get_programs_returns_4_default_programs" time="0.156" /><testcase classname="backend.tests.test_cms_api.TestCMSPrograms" name="test_programs_have_required_fields" time="0.148" /><testcase classname="backend.tests.test_cms_api.TestCMSStats" name="test_get_stats_returns_list" time="0.158" /><testcase classname="backend.tests.test_cms_api.TestCMSStats" name="test_get_stats_returns_4_stats" time="0.134" /><testcase classname="backend.tests.test_cms_api.TestCMSStats" name="test_stats_have_required_fields" time="0.359" /><testcase classname="backend.tests.test_cms_api.TestCMSAbout" name="test_get_about_returns_content" time="0.224" /><testcase classname="backend.tests.test_cms_api.TestCMSAbout" name="test_about_has_mission_and_story" time="0.208" /><testcase classname="backend.tests.test_cms_api.TestCMSEvents" name="test_get_events_returns_list" time="0.145" /><testcase classname="backend.tests.test_cms_api.TestCMSImpactStories" name="test_get_impact_stories_returns_list" time="0.232" /><testcase classname="backend.tests.test_cms_api.TestFormSubmission" name="test_volunteer_form_submission" time="0.240" /><testcase classname="backend.tests.test_cms_api.TestFormSubmission" name="test_partner_form_submission" time="0.152" /><testcase classname="backend.tests.test_cms_api.TestFormSubmission" name="test_newsletter_form_submission" time="0.130" /><testcase classname="backend.tests.test_cms_api.TestFormSubmission" name="test_contact_form_submission" time="0.201" /><testcase classname="backend.tests.test_cms_api.TestFormSubmission" name="test_chapter_form_submission" time="0.168" /><testcase classname="backend.tests.test_cms_api.TestFormSubmission" name="test_leadership_form_submission" time="0.211" /><testcase classname="backend.tests.test_cms_api.TestFormSubmissionRetrieval" name="test_get_all_submissions" time="0.148" /><testcase classname="backend.tests.test_cms_api.TestFormSubmissionRetrieval" name="test_filter_submissions_by_type" time="0.127" /><testcase classname="backend.tests.test_cms_api.TestCMSSettings" name="test_get_settings" time="0.248" /><testcase classname="backend.tests.test_cms_api.TestCMSInitialize" name="test_initialize_idempotent" time="0.870" /></testsuite></testsuites>